<?xml version="1.0" encoding="UTF-8"?>
<!-- Generated by org.testng.reporters.JUnitReportReporter -->
<testsuite hostname="DESKTOP-5KCCDIU" failures="0" tests="1" name="pack1.NewTest" time="10.172" errors="0" timestamp="2020-04-22T14:53:06 IST" skipped="0">
  <testcase classname="pack1.NewTest" name="launchgoogle" time="10.172"/>
  <system-out/>
</testsuite> <!-- pack1.NewTest -->
