<?xml version="1.0" encoding="UTF-8"?>
<!-- Generated by org.testng.reporters.JUnitReportReporter -->
<testsuite hostname="DESKTOP-5KCCDIU" failures="0" tests="1" name="pack1.Frames" time="9.162" errors="0" timestamp="2020-04-23T15:17:43 IST" skipped="0">
  <testcase classname="pack1.Frames" name="f" time="9.162"/>
  <system-out/>
</testsuite> <!-- pack1.Frames -->
